{"D:\\Latihan-Coding\\Javascript\\Latihan\\jest_testing\\gradeCalculation.js": {"path":"D:\\Latihan-Coding\\Javascript\\Latihan\\jest_testing\\gradeCalculation.js","statementMap":{"0":{"start":{"line":1,"column":21},"end":{"line":7,"column":4}},"1":{"start":{"line":2,"column":32},"end":{"line":2,"column":82}},"2":{"start":{"line":2,"column":57},"end":{"line":2,"column":81}},"3":{"start":{"line":3,"column":7},"end":{"line":3,"column":65}},"4":{"start":{"line":3,"column":30},"end":{"line":3,"column":65}},"5":{"start":{"line":5,"column":25},"end":{"line":5,"column":103}},"6":{"start":{"line":5,"column":73},"end":{"line":5,"column":99}},"7":{"start":{"line":6,"column":7},"end":{"line":6,"column":44}},"8":{"start":{"line":9,"column":29},"end":{"line":20,"column":4}},"9":{"start":{"line":10,"column":25},"end":{"line":10,"column":27}},"10":{"start":{"line":11,"column":23},"end":{"line":11,"column":47}},"11":{"start":{"line":13,"column":7},"end":{"line":19,"column":8}},"12":{"start":{"line":14,"column":11},"end":{"line":14,"column":49}},"13":{"start":{"line":15,"column":11},"end":{"line":15,"column":23}},"14":{"start":{"line":17,"column":11},"end":{"line":17,"column":49}},"15":{"start":{"line":18,"column":11},"end":{"line":18,"column":24}},"16":{"start":{"line":22,"column":3},"end":{"line":22,"column":56}}},"fnMap":{"0":{"name":"(anonymous_0)","decl":{"start":{"line":1,"column":21},"end":{"line":1,"column":22}},"loc":{"start":{"line":1,"column":37},"end":{"line":7,"column":4}},"line":1},"1":{"name":"(anonymous_1)","decl":{"start":{"line":2,"column":49},"end":{"line":2,"column":50}},"loc":{"start":{"line":2,"column":57},"end":{"line":2,"column":81}},"line":2},"2":{"name":"(anonymous_2)","decl":{"start":{"line":5,"column":43},"end":{"line":5,"column":44}},"loc":{"start":{"line":5,"column":73},"end":{"line":5,"column":99}},"line":5},"3":{"name":"(anonymous_3)","decl":{"start":{"line":9,"column":29},"end":{"line":9,"column":30}},"loc":{"start":{"line":9,"column":51},"end":{"line":20,"column":4}},"line":9}},"branchMap":{"0":{"loc":{"start":{"line":3,"column":7},"end":{"line":3,"column":65}},"type":"if","locations":[{"start":{"line":3,"column":7},"end":{"line":3,"column":65}},{"start":{},"end":{}}],"line":3},"1":{"loc":{"start":{"line":13,"column":7},"end":{"line":19,"column":8}},"type":"if","locations":[{"start":{"line":13,"column":7},"end":{"line":19,"column":8}},{"start":{"line":16,"column":14},"end":{"line":19,"column":8}}],"line":13}},"s":{"0":1,"1":4,"2":16,"3":4,"4":1,"5":3,"6":12,"7":3,"8":1,"9":2,"10":2,"11":2,"12":1,"13":1,"14":1,"15":1,"16":1},"f":{"0":4,"1":16,"2":12,"3":2},"b":{"0":[1,3],"1":[1,1]},"_coverageSchema":"1a1c01bbd47fc00a2c39e90264f33305004495a9","hash":"731d3b18d9f5b75d5990dfe6d92cd45b6e0b513f"}
}
